Build started 4/1/2015 7:56:14 PM.
     1>Project "G:\XING\3DCLMTracking\lbfgsTest\SquareShapeFit\SquareShapeFit\SquareShapeFit.vcxproj" on node 2 (build target(s)).
     1>InitializeBuildStatus:
         Touching "Release\SquareShapeFit.unsuccessfulbuild".
       ClCompile:
         All outputs are up-to-date.
         C:\Program Files (x86)\Microsoft Visual Studio 10.0\VC\bin\CL.exe /c /Zi /nologo /W3 /WX- /O2 /Oi /Oy- /GL /D WIN32 /D NDEBUG /D _CONSOLE /D _UNICODE /D UNICODE /Gm- /EHsc /MD /GS /Gy /fp:precise /Zc:wchar_t /Zc:forScope /Yu"StdAfx.h" /Fp"Release\SquareShapeFit.pch" /Fo"Release\\" /Fd"Release\vc100.pdb" /Gd /TP /analyze- /errorReport:prompt ShapeExpert.cpp SquareShapeFit.cpp
         ShapeExpert.cpp
     1>g:\xing\3dclmtracking\lbfgstest\squareshapefit\squareshapefit\ShapeExpert.h(2): fatal error C1083: Cannot open include file: 'Dense': No such file or directory
         SquareShapeFit.cpp
     1>g:\xing\3dclmtracking\lbfgstest\squareshapefit\squareshapefit\ShapeExpert.h(2): fatal error C1083: Cannot open include file: 'Dense': No such file or directory
     1>Done Building Project "G:\XING\3DCLMTracking\lbfgsTest\SquareShapeFit\SquareShapeFit\SquareShapeFit.vcxproj" (build target(s)) -- FAILED.

Build FAILED.

Time Elapsed 00:00:00.76
